<?xml version="1.0" encoding="UTF-8"?>
<!-- Generated by org.testng.reporters.JUnitReportReporter -->
<testsuite hostname="SANTOSHSHZ936H2" name="com.xaxis.selenium.webdriver.PurchaseAutomation" tests="4" failures="0" timestamp="20 May 2018 08:57:53 GMT" time="21.094" errors="0">
  <testcase name="invokeBrowser" time="10.363" classname="com.xaxis.selenium.webdriver.PurchaseAutomation"/>
  <testcase name="refineDeviceFeatures" time="0.357" classname="com.xaxis.selenium.webdriver.PurchaseAutomation"/>
  <testcase name="searchItems" time="2.983" classname="com.xaxis.selenium.webdriver.PurchaseAutomation"/>
  <testcase name="closeSite" time="7.391" classname="com.xaxis.selenium.webdriver.PurchaseAutomation"/>
</testsuite> <!-- com.xaxis.selenium.webdriver.PurchaseAutomation -->
