<?xml version="1.0" encoding="UTF-8"?>
<!-- Generated by org.testng.reporters.JUnitReportReporter -->
<testsuite hostname="SANTOSHSHZ936H2" name="testNG.TestPurchaseAutomation" tests="4" failures="0" timestamp="20 May 2018 09:49:46 GMT" time="22.478" errors="0">
  <testcase name="testSearchItems" time="3.179" classname="testNG.TestPurchaseAutomation"/>
  <testcase name="testInvokeBrowser" time="11.636" classname="testNG.TestPurchaseAutomation"/>
  <testcase name="testCloseSite" time="7.340" classname="testNG.TestPurchaseAutomation"/>
  <testcase name="testRefineDeviceFeatures" time="0.323" classname="testNG.TestPurchaseAutomation"/>
</testsuite> <!-- testNG.TestPurchaseAutomation -->
